<?xml version="1.0" encoding="UTF-8"?>
<testng-results ignored="0" total="1" passed="1" failed="0" skipped="0">
  <reporter-output>
  </reporter-output>
  <suite started-at="2026-03-12T13:02:35 IST" name="Default suite" finished-at="2026-03-12T13:02:43 IST" duration-ms="8057">
    <groups>
    </groups>
    <test started-at="2026-03-12T13:02:35 IST" name="Default test" finished-at="2026-03-12T13:02:43 IST" duration-ms="8057">
      <class name="tests.MagicBricksTest">
        <test-method is-config="true" signature="setup()[pri:0, instance:tests.MagicBricksTest@4ec4f3a0]" started-at="2026-03-12T13:02:35 IST" name="setup" finished-at="2026-03-12T13:02:39 IST" duration-ms="3973" status="PASS">
          <reporter-output>
          </reporter-output>
        </test-method> <!-- setup -->
        <test-method signature="propertyShortlistTest()[pri:0, instance:tests.MagicBricksTest@4ec4f3a0]" started-at="2026-03-12T13:02:39 IST" name="propertyShortlistTest" finished-at="2026-03-12T13:02:43 IST" duration-ms="4033" status="PASS">
          <reporter-output>
          </reporter-output>
        </test-method> <!-- propertyShortlistTest -->
        <test-method is-config="true" signature="tearDown()[pri:0, instance:tests.MagicBricksTest@4ec4f3a0]" started-at="2026-03-12T13:02:43 IST" name="tearDown" finished-at="2026-03-12T13:02:43 IST" duration-ms="1" status="PASS">
          <reporter-output>
          </reporter-output>
        </test-method> <!-- tearDown -->
      </class> <!-- tests.MagicBricksTest -->
    </test> <!-- Default test -->
  </suite> <!-- Default suite -->
</testng-results>
