<?xml version="1.0" encoding="UTF-8"?>
<testng-results ignored="0" total="1" passed="1" failed="0" skipped="0">
  <reporter-output>
  </reporter-output>
  <suite started-at="2026-03-12T14:58:16 IST" name="Default suite" finished-at="2026-03-12T15:00:16 IST" duration-ms="120198">
    <groups>
    </groups>
    <test started-at="2026-03-12T14:58:16 IST" name="Default test" finished-at="2026-03-12T15:00:16 IST" duration-ms="120198">
      <class name="tests.MagicBricksTest">
        <test-method is-config="true" signature="setup()[pri:0, instance:tests.MagicBricksTest@c8c12ac]" started-at="2026-03-12T14:58:16 IST" name="setup" finished-at="2026-03-12T14:58:20 IST" duration-ms="4265" status="PASS">
          <reporter-output>
          </reporter-output>
        </test-method> <!-- setup -->
        <test-method signature="propertyShortlistTest()[pri:0, instance:tests.MagicBricksTest@c8c12ac]" started-at="2026-03-12T14:58:20 IST" name="propertyShortlistTest" finished-at="2026-03-12T15:00:16 IST" duration-ms="115864" status="PASS">
          <reporter-output>
          </reporter-output>
        </test-method> <!-- propertyShortlistTest -->
        <test-method is-config="true" signature="tearDown()[pri:0, instance:tests.MagicBricksTest@c8c12ac]" started-at="2026-03-12T15:00:16 IST" name="tearDown" finished-at="2026-03-12T15:00:16 IST" duration-ms="2" status="PASS">
          <reporter-output>
          </reporter-output>
        </test-method> <!-- tearDown -->
      </class> <!-- tests.MagicBricksTest -->
    </test> <!-- Default test -->
  </suite> <!-- Default suite -->
</testng-results>
